This file contains any messages produced by compilers while
running configure, to aid debugging if configure makes a mistake.

It was created by spglib configure 1.2, which was
generated by GNU Autoconf 2.68.  Invocation command line was

  $ ./configure 

## --------- ##
## Platform. ##
## --------- ##

hostname = Shyues-MacBook-Pro.local
uname -m = x86_64
uname -r = 11.3.0
uname -s = Darwin
uname -v = Darwin Kernel Version 11.3.0: Thu Jan 12 18:47:41 PST 2012; root:xnu-1699.24.23~1/RELEASE_X86_64

/usr/bin/uname -p = i386
/bin/uname -X     = unknown

/bin/arch              = unknown
/usr/bin/arch -k       = unknown
/usr/convex/getsysinfo = unknown
/usr/bin/hostinfo      = Mach kernel version:
	 Darwin Kernel Version 11.3.0: Thu Jan 12 18:47:41 PST 2012; root:xnu-1699.24.23~1/RELEASE_X86_64
Kernel configured for up to 4 processors.
2 processors are physically available.
4 processors are logically available.
Processor type: i486 (Intel 80486)
Processors active: 0 1 2 3
Primary memory available: 8.00 gigabytes
Default processor set: 116 tasks, 596 threads, 4 processors
Load average: 2.12, Mach factor: 1.87
/bin/machine           = unknown
/usr/bin/oslevel       = unknown
/bin/universe          = unknown

PATH: /Library/Frameworks/Python.framework/Versions/2.7/bin
PATH: /usr/bin
PATH: /bin
PATH: /usr/sbin
PATH: /sbin
PATH: /usr/local/bin
PATH: /usr/X11/bin
PATH: /usr/local/git/bin
PATH: /usr/texbin
PATH: /Users/shyuepingong/bin
PATH: //Users/shyuepingong/Documents/git/pymatgen/scripts


## ----------- ##
## Core tests. ##
## ----------- ##

configure:2222: checking for a BSD-compatible install
configure:2290: result: /usr/bin/install -c
configure:2301: checking whether build environment is sane
configure:2351: result: yes
configure:2492: checking for a thread-safe mkdir -p
configure:2531: result: ./install-sh -c -d
configure:2544: checking for gawk
configure:2574: result: no
configure:2544: checking for mawk
configure:2574: result: no
configure:2544: checking for nawk
configure:2574: result: no
configure:2544: checking for awk
configure:2560: found /usr/bin/awk
configure:2571: result: awk
configure:2582: checking whether make sets $(MAKE)
configure:2604: result: yes
configure:2738: checking for gcc
configure:2754: found /usr/bin/gcc
configure:2765: result: gcc
configure:2994: checking for C compiler version
configure:3003: gcc --version >&5
i686-apple-darwin11-llvm-gcc-4.2 (GCC) 4.2.1 (Based on Apple Inc. build 5658) (LLVM build 2336.9.00)
Copyright (C) 2007 Free Software Foundation, Inc.
This is free software; see the source for copying conditions.  There is NO
warranty; not even for MERCHANTABILITY or FITNESS FOR A PARTICULAR PURPOSE.

configure:3014: $? = 0
configure:3003: gcc -v >&5
Using built-in specs.
Target: i686-apple-darwin11
Configured with: /private/var/tmp/llvmgcc42/llvmgcc42-2336.9~22/src/configure --disable-checking --enable-werror --prefix=/Applications/Xcode.app/Contents/Developer/usr/llvm-gcc-4.2 --mandir=/share/man --enable-languages=c,objc,c++,obj-c++ --program-prefix=llvm- --program-transform-name=/^[cg][^.-]*$/s/$/-4.2/ --with-slibdir=/usr/lib --build=i686-apple-darwin11 --enable-llvm=/private/var/tmp/llvmgcc42/llvmgcc42-2336.9~22/dst-llvmCore/Developer/usr/local --program-prefix=i686-apple-darwin11- --host=x86_64-apple-darwin11 --target=i686-apple-darwin11 --with-gxx-include-dir=/usr/include/c++/4.2.1
Thread model: posix
gcc version 4.2.1 (Based on Apple Inc. build 5658) (LLVM build 2336.9.00)
configure:3014: $? = 0
configure:3003: gcc -V >&5
llvm-gcc-4.2: argument to `-V' is missing
configure:3014: $? = 1
configure:3003: gcc -qversion >&5
i686-apple-darwin11-llvm-gcc-4.2: no input files
configure:3014: $? = 1
configure:3034: checking whether the C compiler works
configure:3056: gcc    conftest.c  >&5
configure:3060: $? = 0
configure:3108: result: yes
configure:3111: checking for C compiler default output file name
configure:3113: result: a.out
configure:3119: checking for suffix of executables
configure:3126: gcc -o conftest    conftest.c  >&5
configure:3130: $? = 0
configure:3152: result: 
configure:3174: checking whether we are cross compiling
configure:3182: gcc -o conftest    conftest.c  >&5
configure:3186: $? = 0
configure:3193: ./conftest
configure:3197: $? = 0
configure:3212: result: no
configure:3217: checking for suffix of object files
configure:3239: gcc -c   conftest.c >&5
configure:3243: $? = 0
configure:3264: result: o
configure:3268: checking whether we are using the GNU C compiler
configure:3287: gcc -c   conftest.c >&5
configure:3287: $? = 0
configure:3296: result: yes
configure:3305: checking whether gcc accepts -g
configure:3325: gcc -c -g  conftest.c >&5
configure:3325: $? = 0
configure:3366: result: yes
configure:3383: checking for gcc option to accept ISO C89
configure:3447: gcc  -c -g -O2  conftest.c >&5
configure:3447: $? = 0
configure:3460: result: none needed
configure:3491: checking for style of include used by make
configure:3519: result: GNU
configure:3544: checking dependency style of gcc
configure:3654: result: gcc3
configure:3671: checking whether gcc and cc understand -c and -o together
configure:3702: gcc -c conftest.c -o conftest2.o >&5
configure:3706: $? = 0
configure:3712: gcc -c conftest.c -o conftest2.o >&5
configure:3716: $? = 0
configure:3727: cc -c conftest.c >&5
configure:3731: $? = 0
configure:3739: cc -c conftest.c -o conftest2.o >&5
configure:3743: $? = 0
configure:3749: cc -c conftest.c -o conftest2.o >&5
configure:3753: $? = 0
configure:3771: result: yes
configure:3825: checking build system type
configure:3839: result: x86_64-apple-darwin11.3.0
configure:3859: checking host system type
configure:3872: result: x86_64-apple-darwin11.3.0
configure:3913: checking how to print strings
configure:3940: result: printf
configure:3961: checking for a sed that does not truncate output
configure:4025: result: /usr/bin/sed
configure:4043: checking for grep that handles long lines and -e
configure:4101: result: /usr/bin/grep
configure:4106: checking for egrep
configure:4168: result: /usr/bin/grep -E
configure:4173: checking for fgrep
configure:4235: result: /usr/bin/grep -F
configure:4270: checking for ld used by gcc
configure:4337: result: /usr/llvm-gcc-4.2/libexec/gcc/i686-apple-darwin11/4.2.1/ld
configure:4344: checking if the linker (/usr/llvm-gcc-4.2/libexec/gcc/i686-apple-darwin11/4.2.1/ld) is GNU ld
configure:4359: result: no
configure:4371: checking for BSD- or MS-compatible name lister (nm)
configure:4420: result: /usr/bin/nm
configure:4550: checking the name lister (/usr/bin/nm) interface
configure:4557: gcc -c -g -O2  conftest.c >&5
configure:4560: /usr/bin/nm "conftest.o"
configure:4563: output
000000000000019c S _some_variable
configure:4570: result: BSD nm
configure:4573: checking whether ln -s works
configure:4577: result: yes
configure:4585: checking the maximum length of command line arguments
configure:4710: result: 196608
configure:4727: checking whether the shell understands some XSI constructs
configure:4737: result: yes
configure:4741: checking whether the shell understands "+="
configure:4747: result: yes
configure:4782: checking how to convert x86_64-apple-darwin11.3.0 file names to x86_64-apple-darwin11.3.0 format
configure:4822: result: func_convert_file_noop
configure:4829: checking how to convert x86_64-apple-darwin11.3.0 file names to toolchain format
configure:4849: result: func_convert_file_noop
configure:4856: checking for /usr/llvm-gcc-4.2/libexec/gcc/i686-apple-darwin11/4.2.1/ld option to reload object files
configure:4863: result: -r
configure:4937: checking for objdump
configure:4967: result: no
configure:4996: checking how to recognize dependent libraries
configure:5198: result: pass_all
configure:5283: checking for dlltool
configure:5313: result: no
configure:5343: checking how to associate runtime and link libraries
configure:5370: result: printf %s\n
configure:5431: checking for ar
configure:5447: found /usr/bin/ar
configure:5458: result: ar
configure:5495: checking for archiver @FILE support
configure:5512: gcc -c -g -O2  conftest.c >&5
configure:5512: $? = 0
configure:5515: ar cru libconftest.a @conftest.lst >&5
ar: @conftest.lst: No such file or directory
configure:5518: $? = 1
configure:5538: result: no
configure:5596: checking for strip
configure:5612: found /usr/bin/strip
configure:5623: result: strip
configure:5695: checking for ranlib
configure:5711: found /usr/bin/ranlib
configure:5722: result: ranlib
configure:5824: checking command to parse /usr/bin/nm output from gcc object
configure:5943: gcc -c -g -O2  conftest.c >&5
configure:5946: $? = 0
configure:5950: /usr/bin/nm conftest.o \| sed -n -e 's/^.*[ ]\([BCDEGRST][BCDEGRST]*\)[ ][ ]*\([_A-Za-z][_A-Za-z0-9]*\)$/\1 \2 \2/p' | sed '/ __gnu_lto/d' \> conftest.nm
configure:5953: $? = 0
cannot find nm_test_var in conftest.nm
configure:5943: gcc -c -g -O2  conftest.c >&5
configure:5946: $? = 0
configure:5950: /usr/bin/nm conftest.o \| sed -n -e 's/^.*[ ]\([BCDEGRST][BCDEGRST]*\)[ ][ ]*_\([_A-Za-z][_A-Za-z0-9]*\)$/\1 _\2 \2/p' | sed '/ __gnu_lto/d' \> conftest.nm
configure:5953: $? = 0
configure:6019: gcc -o conftest -g -O2   conftest.c conftstm.o >&5
configure:6022: $? = 0
configure:6060: result: ok
configure:6097: checking for sysroot
configure:6127: result: no
configure:6370: checking for mt
configure:6400: result: no
configure:6420: checking if : is a manifest tool
configure:6426: : '-?'
configure:6434: result: no
configure:6490: checking for dsymutil
configure:6506: found /usr/bin/dsymutil
configure:6517: result: dsymutil
configure:6582: checking for nmedit
configure:6598: found /usr/bin/nmedit
configure:6609: result: nmedit
configure:6674: checking for lipo
configure:6690: found /usr/bin/lipo
configure:6701: result: lipo
configure:6766: checking for otool
configure:6782: found /usr/bin/otool
configure:6793: result: otool
configure:6858: checking for otool64
configure:6888: result: no
configure:6933: checking for -single_module linker flag
gcc -g -O2  -o libconftest.dylib -dynamiclib -Wl,-single_module conftest.c
configure:6960: result: yes
configure:6962: checking for -exported_symbols_list linker flag
configure:6982: gcc -o conftest -g -O2   -Wl,-exported_symbols_list,conftest.sym conftest.c  >&5
configure:6982: $? = 0
configure:6992: result: yes
configure:6994: checking for -force_load linker flag
gcc -g -O2 -c -o conftest.o conftest.c
ar cru libconftest.a conftest.o
ranlib libconftest.a
gcc -g -O2  -o conftest conftest.c -Wl,-force_load,./libconftest.a
configure:7024: result: yes
configure:7066: checking how to run the C preprocessor
configure:7097: gcc -E  conftest.c
configure:7097: $? = 0
configure:7111: gcc -E  conftest.c
conftest.c:11:28: error: ac_nonexistent.h: No such file or directory
configure:7111: $? = 1
configure: failed program was:
| /* confdefs.h */
| #define PACKAGE_NAME "spglib"
| #define PACKAGE_TARNAME "spglib"
| #define PACKAGE_VERSION "1.2"
| #define PACKAGE_STRING "spglib 1.2"
| #define PACKAGE_BUGREPORT "atz.togo@gmail.com"
| #define PACKAGE_URL ""
| #define PACKAGE "spglib"
| #define VERSION "1.2"
| /* end confdefs.h.  */
| #include <ac_nonexistent.h>
configure:7136: result: gcc -E
configure:7156: gcc -E  conftest.c
configure:7156: $? = 0
configure:7170: gcc -E  conftest.c
conftest.c:11:28: error: ac_nonexistent.h: No such file or directory
configure:7170: $? = 1
configure: failed program was:
| /* confdefs.h */
| #define PACKAGE_NAME "spglib"
| #define PACKAGE_TARNAME "spglib"
| #define PACKAGE_VERSION "1.2"
| #define PACKAGE_STRING "spglib 1.2"
| #define PACKAGE_BUGREPORT "atz.togo@gmail.com"
| #define PACKAGE_URL ""
| #define PACKAGE "spglib"
| #define VERSION "1.2"
| /* end confdefs.h.  */
| #include <ac_nonexistent.h>
configure:7199: checking for ANSI C header files
configure:7219: gcc -c -g -O2  conftest.c >&5
configure:7219: $? = 0
configure:7292: gcc -o conftest -g -O2   conftest.c  >&5
configure:7292: $? = 0
configure:7292: ./conftest
configure:7292: $? = 0
configure:7303: result: yes
configure:7316: checking for sys/types.h
configure:7316: gcc -c -g -O2  conftest.c >&5
configure:7316: $? = 0
configure:7316: result: yes
configure:7316: checking for sys/stat.h
configure:7316: gcc -c -g -O2  conftest.c >&5
configure:7316: $? = 0
configure:7316: result: yes
configure:7316: checking for stdlib.h
configure:7316: gcc -c -g -O2  conftest.c >&5
configure:7316: $? = 0
configure:7316: result: yes
configure:7316: checking for string.h
configure:7316: gcc -c -g -O2  conftest.c >&5
configure:7316: $? = 0
configure:7316: result: yes
configure:7316: checking for memory.h
configure:7316: gcc -c -g -O2  conftest.c >&5
configure:7316: $? = 0
configure:7316: result: yes
configure:7316: checking for strings.h
configure:7316: gcc -c -g -O2  conftest.c >&5
configure:7316: $? = 0
configure:7316: result: yes
configure:7316: checking for inttypes.h
configure:7316: gcc -c -g -O2  conftest.c >&5
configure:7316: $? = 0
configure:7316: result: yes
configure:7316: checking for stdint.h
configure:7316: gcc -c -g -O2  conftest.c >&5
configure:7316: $? = 0
configure:7316: result: yes
configure:7316: checking for unistd.h
configure:7316: gcc -c -g -O2  conftest.c >&5
configure:7316: $? = 0
configure:7316: result: yes
configure:7330: checking for dlfcn.h
configure:7330: gcc -c -g -O2  conftest.c >&5
configure:7330: $? = 0
configure:7330: result: yes
configure:7517: checking for objdir
configure:7532: result: .libs
configure:7803: checking if gcc supports -fno-rtti -fno-exceptions
configure:7821: gcc -c -g -O2  -fno-rtti -fno-exceptions conftest.c >&5
cc1: warning: command line option "-fno-rtti" is valid for C++/ObjC++ but not for C
configure:7825: $? = 0
configure:7838: result: no
configure:8148: checking for gcc option to produce PIC
configure:8155: result: -fno-common -DPIC
configure:8163: checking if gcc PIC flag -fno-common -DPIC works
configure:8181: gcc -c -g -O2  -fno-common -DPIC -DPIC conftest.c >&5
configure:8185: $? = 0
configure:8198: result: yes
configure:8227: checking if gcc static flag -static works
configure:8255: result: no
configure:8270: checking if gcc supports -c -o file.o
configure:8291: gcc -c -g -O2  -o out/conftest2.o conftest.c >&5
configure:8295: $? = 0
configure:8317: result: yes
configure:8325: checking if gcc supports -c -o file.o
configure:8372: result: yes
configure:8405: checking whether the gcc linker (/usr/llvm-gcc-4.2/libexec/gcc/i686-apple-darwin11/4.2.1/ld) supports shared libraries
configure:9567: result: yes
configure:9812: checking dynamic linker characteristics
configure:10561: result: darwin11.3.0 dyld
configure:10668: checking how to hardcode library paths into programs
configure:10693: result: immediate
configure:11233: checking whether stripping libraries is possible
configure:11247: result: yes
configure:11273: checking if libtool supports shared libraries
configure:11275: result: yes
configure:11278: checking whether to build shared libraries
configure:11299: result: yes
configure:11302: checking whether to build static libraries
configure:11306: result: yes
configure:11345: checking for ANSI C header files
configure:11449: result: yes
configure:11460: checking for stdlib.h
configure:11460: result: yes
configure:11460: checking for string.h
configure:11460: result: yes
configure:11460: checking math.h usability
configure:11460: gcc -c -g -O2  conftest.c >&5
configure:11460: $? = 0
configure:11460: result: yes
configure:11460: checking math.h presence
configure:11460: gcc -E  conftest.c
configure:11460: $? = 0
configure:11460: result: yes
configure:11460: checking for math.h
configure:11460: result: yes
configure:11485: checking for an ANSI C-conforming const
configure:11550: gcc -c -g -O2  conftest.c >&5
configure:11550: $? = 0
configure:11557: result: yes
configure:11569: checking for stdlib.h
configure:11569: result: yes
configure:11579: checking for GNU libc compatible malloc
configure:11603: gcc -o conftest -g -O2   conftest.c  >&5
configure:11603: $? = 0
configure:11603: ./conftest
configure:11603: $? = 0
configure:11613: result: yes
configure:11770: creating ./config.status

## ---------------------- ##
## Running config.status. ##
## ---------------------- ##

This file was extended by spglib config.status 1.2, which was
generated by GNU Autoconf 2.68.  Invocation command line was

  CONFIG_FILES    = 
  CONFIG_HEADERS  = 
  CONFIG_LINKS    = 
  CONFIG_COMMANDS = 
  $ ./config.status 

on Shyues-MacBook-Pro.local

config.status:1091: creating Makefile
config.status:1091: creating src/Makefile
config.status:1091: creating config.h
config.status:1320: executing depfiles commands
config.status:1320: executing libtool commands

## ---------------- ##
## Cache variables. ##
## ---------------- ##

ac_cv_build=x86_64-apple-darwin11.3.0
ac_cv_c_compiler_gnu=yes
ac_cv_c_const=yes
ac_cv_env_CC_set=
ac_cv_env_CC_value=
ac_cv_env_CFLAGS_set=
ac_cv_env_CFLAGS_value=
ac_cv_env_CPPFLAGS_set=
ac_cv_env_CPPFLAGS_value=
ac_cv_env_CPP_set=
ac_cv_env_CPP_value=
ac_cv_env_LDFLAGS_set=
ac_cv_env_LDFLAGS_value=
ac_cv_env_LIBS_set=
ac_cv_env_LIBS_value=
ac_cv_env_build_alias_set=
ac_cv_env_build_alias_value=
ac_cv_env_host_alias_set=
ac_cv_env_host_alias_value=
ac_cv_env_target_alias_set=
ac_cv_env_target_alias_value=
ac_cv_func_malloc_0_nonnull=yes
ac_cv_header_dlfcn_h=yes
ac_cv_header_inttypes_h=yes
ac_cv_header_math_h=yes
ac_cv_header_memory_h=yes
ac_cv_header_stdc=yes
ac_cv_header_stdint_h=yes
ac_cv_header_stdlib_h=yes
ac_cv_header_string_h=yes
ac_cv_header_strings_h=yes
ac_cv_header_sys_stat_h=yes
ac_cv_header_sys_types_h=yes
ac_cv_header_unistd_h=yes
ac_cv_host=x86_64-apple-darwin11.3.0
ac_cv_objext=o
ac_cv_path_EGREP='/usr/bin/grep -E'
ac_cv_path_FGREP='/usr/bin/grep -F'
ac_cv_path_GREP=/usr/bin/grep
ac_cv_path_SED=/usr/bin/sed
ac_cv_path_install='/usr/bin/install -c'
ac_cv_prog_AWK=awk
ac_cv_prog_CPP='gcc -E'
ac_cv_prog_ac_ct_AR=ar
ac_cv_prog_ac_ct_CC=gcc
ac_cv_prog_ac_ct_DSYMUTIL=dsymutil
ac_cv_prog_ac_ct_LIPO=lipo
ac_cv_prog_ac_ct_NMEDIT=nmedit
ac_cv_prog_ac_ct_OTOOL=otool
ac_cv_prog_ac_ct_RANLIB=ranlib
ac_cv_prog_ac_ct_STRIP=strip
ac_cv_prog_cc_c89=
ac_cv_prog_cc_g=yes
ac_cv_prog_cc_gcc_c_o=yes
ac_cv_prog_make_make_set=yes
am_cv_CC_dependencies_compiler_type=gcc3
lt_cv_apple_cc_single_mod=yes
lt_cv_ar_at_file=no
lt_cv_deplibs_check_method=pass_all
lt_cv_file_magic_cmd='$MAGIC_CMD'
lt_cv_file_magic_test_file=
lt_cv_ld_exported_symbols_list=yes
lt_cv_ld_force_load=yes
lt_cv_ld_reload_flag=-r
lt_cv_nm_interface='BSD nm'
lt_cv_objdir=.libs
lt_cv_path_LD=/usr/llvm-gcc-4.2/libexec/gcc/i686-apple-darwin11/4.2.1/ld
lt_cv_path_NM=/usr/bin/nm
lt_cv_path_mainfest_tool=no
lt_cv_prog_compiler_c_o=yes
lt_cv_prog_compiler_pic='-fno-common -DPIC'
lt_cv_prog_compiler_pic_works=yes
lt_cv_prog_compiler_rtti_exceptions=no
lt_cv_prog_compiler_static_works=no
lt_cv_prog_gnu_ld=no
lt_cv_sharedlib_from_linklib_cmd='printf %s\n'
lt_cv_sys_global_symbol_pipe='sed -n -e '\''s/^.*[	 ]\([BCDEGRST][BCDEGRST]*\)[	 ][	 ]*_\([_A-Za-z][_A-Za-z0-9]*\)$/\1 _\2 \2/p'\'' | sed '\''/ __gnu_lto/d'\'''
lt_cv_sys_global_symbol_to_c_name_address='sed -n -e '\''s/^: \([^ ]*\)[ ]*$/  {\"\1\", (void *) 0},/p'\'' -e '\''s/^[BCDEGRST]* \([^ ]*\) \([^ ]*\)$/  {"\2", (void *) \&\2},/p'\'''
lt_cv_sys_global_symbol_to_c_name_address_lib_prefix='sed -n -e '\''s/^: \([^ ]*\)[ ]*$/  {\"\1\", (void *) 0},/p'\'' -e '\''s/^[BCDEGRST]* \([^ ]*\) \(lib[^ ]*\)$/  {"\2", (void *) \&\2},/p'\'' -e '\''s/^[BCDEGRST]* \([^ ]*\) \([^ ]*\)$/  {"lib\2", (void *) \&\2},/p'\'''
lt_cv_sys_global_symbol_to_cdecl='sed -n -e '\''s/^T .* \(.*\)$/extern int \1();/p'\'' -e '\''s/^[BCDEGRST]* .* \(.*\)$/extern char \1;/p'\'''
lt_cv_sys_max_cmd_len=196608
lt_cv_to_host_file_cmd=func_convert_file_noop
lt_cv_to_tool_file_cmd=func_convert_file_noop

## ----------------- ##
## Output variables. ##
## ----------------- ##

ACLOCAL='${SHELL} /Users/shyuepingong/Downloads/spglib-1.2/missing --run aclocal-1.11'
AMDEPBACKSLASH='\'
AMDEP_FALSE='#'
AMDEP_TRUE=''
AMTAR='${SHELL} /Users/shyuepingong/Downloads/spglib-1.2/missing --run tar'
AR='ar'
AUTOCONF='${SHELL} /Users/shyuepingong/Downloads/spglib-1.2/missing --run autoconf'
AUTOHEADER='${SHELL} /Users/shyuepingong/Downloads/spglib-1.2/missing --run autoheader'
AUTOMAKE='${SHELL} /Users/shyuepingong/Downloads/spglib-1.2/missing --run automake-1.11'
AWK='awk'
CC='gcc'
CCDEPMODE='depmode=gcc3'
CFLAGS='-g -O2'
CPP='gcc -E'
CPPFLAGS=''
CYGPATH_W='echo'
DEFS='-DHAVE_CONFIG_H'
DEPDIR='.deps'
DLLTOOL='false'
DSYMUTIL='dsymutil'
DUMPBIN=''
ECHO_C='\c'
ECHO_N=''
ECHO_T=''
EGREP='/usr/bin/grep -E'
EXEEXT=''
FGREP='/usr/bin/grep -F'
GREP='/usr/bin/grep'
INSTALL_DATA='${INSTALL} -m 644'
INSTALL_PROGRAM='${INSTALL}'
INSTALL_SCRIPT='${INSTALL}'
INSTALL_STRIP_PROGRAM='$(install_sh) -c -s'
LD='/usr/llvm-gcc-4.2/libexec/gcc/i686-apple-darwin11/4.2.1/ld'
LDFLAGS=''
LIBOBJS=''
LIBS=''
LIBTOOL='$(SHELL) $(top_builddir)/libtool'
LIPO='lipo'
LN_S='ln -s'
LTLIBOBJS=''
MAKEINFO='${SHELL} /Users/shyuepingong/Downloads/spglib-1.2/missing --run makeinfo'
MANIFEST_TOOL=':'
MKDIR_P='./install-sh -c -d'
NM='/usr/bin/nm'
NMEDIT='nmedit'
OBJDUMP='false'
OBJEXT='o'
OTOOL64=':'
OTOOL='otool'
PACKAGE='spglib'
PACKAGE_BUGREPORT='atz.togo@gmail.com'
PACKAGE_NAME='spglib'
PACKAGE_STRING='spglib 1.2'
PACKAGE_TARNAME='spglib'
PACKAGE_URL=''
PACKAGE_VERSION='1.2'
PATH_SEPARATOR=':'
RANLIB='ranlib'
SED='/usr/bin/sed'
SET_MAKE=''
SHELL='/bin/sh'
STRIP='strip'
VERSION='1.2'
ac_ct_AR='ar'
ac_ct_CC='gcc'
ac_ct_DUMPBIN=''
am__EXEEXT_FALSE=''
am__EXEEXT_TRUE='#'
am__fastdepCC_FALSE='#'
am__fastdepCC_TRUE=''
am__include='include'
am__isrc=''
am__leading_dot='.'
am__quote=''
am__tar='${AMTAR} chof - "$$tardir"'
am__untar='${AMTAR} xf -'
bindir='${exec_prefix}/bin'
build='x86_64-apple-darwin11.3.0'
build_alias=''
build_cpu='x86_64'
build_os='darwin11.3.0'
build_vendor='apple'
datadir='${datarootdir}'
datarootdir='${prefix}/share'
docdir='${datarootdir}/doc/${PACKAGE_TARNAME}'
dvidir='${docdir}'
exec_prefix='${prefix}'
host='x86_64-apple-darwin11.3.0'
host_alias=''
host_cpu='x86_64'
host_os='darwin11.3.0'
host_vendor='apple'
htmldir='${docdir}'
includedir='${prefix}/include'
infodir='${datarootdir}/info'
install_sh='${SHELL} /Users/shyuepingong/Downloads/spglib-1.2/install-sh'
libdir='${exec_prefix}/lib'
libexecdir='${exec_prefix}/libexec'
localedir='${datarootdir}/locale'
localstatedir='${prefix}/var'
mandir='${datarootdir}/man'
mkdir_p='$(top_builddir)/./install-sh -c -d'
oldincludedir='/usr/include'
pdfdir='${docdir}'
prefix='/usr/local'
program_transform_name='s,x,x,'
psdir='${docdir}'
sbindir='${exec_prefix}/sbin'
sharedstatedir='${prefix}/com'
sysconfdir='${prefix}/etc'
target_alias=''

## ----------- ##
## confdefs.h. ##
## ----------- ##

/* confdefs.h */
#define PACKAGE_NAME "spglib"
#define PACKAGE_TARNAME "spglib"
#define PACKAGE_VERSION "1.2"
#define PACKAGE_STRING "spglib 1.2"
#define PACKAGE_BUGREPORT "atz.togo@gmail.com"
#define PACKAGE_URL ""
#define PACKAGE "spglib"
#define VERSION "1.2"
#define STDC_HEADERS 1
#define HAVE_SYS_TYPES_H 1
#define HAVE_SYS_STAT_H 1
#define HAVE_STDLIB_H 1
#define HAVE_STRING_H 1
#define HAVE_MEMORY_H 1
#define HAVE_STRINGS_H 1
#define HAVE_INTTYPES_H 1
#define HAVE_STDINT_H 1
#define HAVE_UNISTD_H 1
#define HAVE_DLFCN_H 1
#define LT_OBJDIR ".libs/"
#define STDC_HEADERS 1
#define HAVE_STDLIB_H 1
#define HAVE_STRING_H 1
#define HAVE_MATH_H 1
#define HAVE_STDLIB_H 1
#define HAVE_MALLOC 1

configure: exit 0
